  pch.cpp
c:\users\vikzz\desktop\visual studio projects\sour_editor\sour_editor\editortools.h(8): warning C4244: 'initializing': conversion from 'double' to 'unsigned int', possible loss of data
c:\users\vikzz\desktop\visual studio projects\sour_editor\sour_editor\editortools.h(9): warning C4244: 'initializing': conversion from 'double' to 'unsigned int', possible loss of data
c:\users\vikzz\desktop\visual studio projects\sour_editor\sour_editor\data structures\dcelhe.h(128): warning C4244: 'initializing': conversion from 'T' to 'int', possible loss of data
          with
          [
              T=float
          ]
  Delunay.cpp
c:\users\vikzz\desktop\visual studio projects\sour_editor\sour_editor\data structures\dcelhe.h(128): warning C4244: 'initializing': conversion from 'T' to 'int', possible loss of data
          with
          [
              T=float
          ]
c:\users\vikzz\desktop\visual studio projects\sour_editor\sour_editor\editortools.h(8): warning C4244: 'initializing': conversion from 'double' to 'unsigned int', possible loss of data
c:\users\vikzz\desktop\visual studio projects\sour_editor\sour_editor\editortools.h(9): warning C4244: 'initializing': conversion from 'double' to 'unsigned int', possible loss of data
c:\users\vikzz\desktop\visual studio projects\sour_editor\sour_editor\bowyer-watson accel\delunay.cpp(135): warning C4244: 'argument': conversion from 'float' to 'int', possible loss of data
c:\users\vikzz\desktop\visual studio projects\sour_editor\sour_editor\bowyer-watson accel\delunay.cpp(136): warning C4244: 'argument': conversion from 'float' to 'int', possible loss of data
c:\users\vikzz\desktop\visual studio projects\sour_editor\sour_editor\bowyer-watson accel\delunay.cpp(136): warning C4244: 'argument': conversion from 'const float' to 'int', possible loss of data
c:\users\vikzz\desktop\visual studio projects\sour_editor\sour_editor\bowyer-watson accel\delunay.cpp(137): warning C4244: 'argument': conversion from 'float' to 'int', possible loss of data
c:\users\vikzz\desktop\visual studio projects\sour_editor\sour_editor\bowyer-watson accel\delunay.cpp(287): warning C4244: 'initializing': conversion from 'double' to 'float', possible loss of data
c:\users\vikzz\desktop\visual studio projects\sour_editor\sour_editor\bowyer-watson accel\delunay.cpp(287): warning C4244: 'initializing': conversion from 'double' to 'const float', possible loss of data
  DCELHE.cpp
c:\users\vikzz\desktop\visual studio projects\sour_editor\sour_editor\data structures\dcelhe.h(128): warning C4244: 'initializing': conversion from 'T' to 'int', possible loss of data
          with
          [
              T=float
          ]
c:\users\vikzz\desktop\visual studio projects\sour_editor\sour_editor\data structures\dcelhe.cpp(6): warning C4244: 'argument': conversion from 'int' to 'T', possible loss of data
          with
          [
              T=float
          ]
  imgui-SFML.cpp
  imgui.cpp
  imgui_demo.cpp
  imgui_draw.cpp
  imgui_widgets.cpp
  Generating Code...
  EditorTools.cpp
c:\users\vikzz\desktop\visual studio projects\sour_editor\sour_editor\editortools.cpp(21): warning C4244: 'initializing': conversion from 'double' to 'float', possible loss of data
c:\users\vikzz\desktop\visual studio projects\sour_editor\sour_editor\editortools.cpp(54): warning C4244: 'initializing': conversion from 'double' to 'float', possible loss of data
c:\users\vikzz\desktop\visual studio projects\sour_editor\sour_editor\editortools.cpp(69): warning C4244: 'initializing': conversion from 'double' to 'float', possible loss of data
c:\users\vikzz\desktop\visual studio projects\sour_editor\sour_editor\editortools.h(8): warning C4244: 'initializing': conversion from 'double' to 'unsigned int', possible loss of data
c:\users\vikzz\desktop\visual studio projects\sour_editor\sour_editor\editortools.h(9): warning C4244: 'initializing': conversion from 'double' to 'unsigned int', possible loss of data
c:\users\vikzz\desktop\visual studio projects\sour_editor\sour_editor\editortools.cpp(133): warning C4244: 'initializing': conversion from 'double' to 'float', possible loss of data
c:\users\vikzz\desktop\visual studio projects\sour_editor\sour_editor\editortools.cpp(142): warning C4244: '=': conversion from 'double' to 'unsigned int', possible loss of data
c:\users\vikzz\desktop\visual studio projects\sour_editor\sour_editor\editortools.cpp(151): warning C4244: '=': conversion from 'double' to 'unsigned int', possible loss of data
c:\users\vikzz\desktop\visual studio projects\sour_editor\sour_editor\editortools.cpp(156): warning C4244: '=': conversion from 'const _Ty' to 'sf::Uint8', possible loss of data
          with
          [
              _Ty=float
          ]
c:\users\vikzz\desktop\visual studio projects\sour_editor\sour_editor\editortools.cpp(166): warning C4244: 'initializing': conversion from 'double' to 'float', possible loss of data
c:\users\vikzz\desktop\visual studio projects\sour_editor\sour_editor\editortools.cpp(175): warning C4244: '=': conversion from 'const int' to 'T', possible loss of data
          with
          [
              T=float
          ]
c:\users\vikzz\desktop\visual studio projects\sour_editor\sour_editor\editortools.cpp(177): warning C4244: '=': conversion from 'const int' to 'T', possible loss of data
          with
          [
              T=float
          ]
c:\users\vikzz\desktop\visual studio projects\sour_editor\sour_editor\editortools.cpp(182): warning C4244: '=': conversion from 'const int' to 'T', possible loss of data
          with
          [
              T=float
          ]
c:\users\vikzz\desktop\visual studio projects\sour_editor\sour_editor\editortools.cpp(184): warning C4244: '=': conversion from 'const int' to 'T', possible loss of data
          with
          [
              T=float
          ]
c:\users\vikzz\desktop\visual studio projects\sour_editor\sour_editor\editortools.cpp(190): warning C4244: '=': conversion from 'double' to 'float', possible loss of data
c:\users\vikzz\desktop\visual studio projects\sour_editor\sour_editor\editortools.cpp(199): warning C4244: '=': conversion from 'const int' to 'T', possible loss of data
          with
          [
              T=float
          ]
c:\users\vikzz\desktop\visual studio projects\sour_editor\sour_editor\editortools.cpp(201): warning C4244: '=': conversion from 'const int' to 'T', possible loss of data
          with
          [
              T=float
          ]
c:\users\vikzz\desktop\visual studio projects\sour_editor\sour_editor\editortools.cpp(206): warning C4244: '=': conversion from 'const int' to 'T', possible loss of data
          with
          [
              T=float
          ]
c:\users\vikzz\desktop\visual studio projects\sour_editor\sour_editor\editortools.cpp(208): warning C4244: '=': conversion from 'const int' to 'T', possible loss of data
          with
          [
              T=float
          ]
c:\users\vikzz\desktop\visual studio projects\sour_editor\sour_editor\editortools.cpp(214): warning C4244: '=': conversion from 'double' to 'float', possible loss of data
c:\users\vikzz\desktop\visual studio projects\sour_editor\sour_editor\editortools.cpp(223): warning C4244: '=': conversion from 'const int' to 'T', possible loss of data
          with
          [
              T=float
          ]
c:\users\vikzz\desktop\visual studio projects\sour_editor\sour_editor\editortools.cpp(225): warning C4244: '=': conversion from 'const int' to 'T', possible loss of data
          with
          [
              T=float
          ]
c:\users\vikzz\desktop\visual studio projects\sour_editor\sour_editor\editortools.cpp(230): warning C4244: '=': conversion from 'const int' to 'T', possible loss of data
          with
          [
              T=float
          ]
c:\users\vikzz\desktop\visual studio projects\sour_editor\sour_editor\editortools.cpp(232): warning C4244: '=': conversion from 'const int' to 'T', possible loss of data
          with
          [
              T=float
          ]
  EventHandler.cpp
  InputMapping.cpp
  Sour_Editor - Accel.cpp
c:\users\vikzz\desktop\visual studio projects\sour_editor\sour_editor\sour_editor - accel.cpp(122): warning C4267: 'argument': conversion from 'size_t' to 'int', possible loss of data
c:\users\vikzz\desktop\visual studio projects\sour_editor\sour_editor\sour_editor - accel.cpp(122): warning C4244: 'argument': conversion from 'float' to 'int', possible loss of data
c:\users\vikzz\desktop\visual studio projects\sour_editor\sour_editor\sour_editor - accel.cpp(123): warning C4267: 'argument': conversion from 'size_t' to 'int', possible loss of data
c:\users\vikzz\desktop\visual studio projects\sour_editor\sour_editor\sour_editor - accel.cpp(123): warning C4244: 'argument': conversion from 'float' to 'int', possible loss of data
c:\users\vikzz\desktop\visual studio projects\sour_editor\sour_editor\sour_editor - accel.cpp(124): warning C4267: 'argument': conversion from 'size_t' to 'int', possible loss of data
c:\users\vikzz\desktop\visual studio projects\sour_editor\sour_editor\sour_editor - accel.cpp(124): warning C4244: 'argument': conversion from 'float' to 'int', possible loss of data
c:\users\vikzz\desktop\visual studio projects\sour_editor\sour_editor\sour_editor - accel.cpp(125): warning C4267: 'argument': conversion from 'size_t' to 'int', possible loss of data
c:\users\vikzz\desktop\visual studio projects\sour_editor\sour_editor\sour_editor - accel.cpp(125): warning C4244: 'argument': conversion from 'float' to 'int', possible loss of data
c:\users\vikzz\desktop\visual studio projects\sour_editor\sour_editor\sour_editor - accel.cpp(139): warning C4267: 'argument': conversion from 'size_t' to 'int', possible loss of data
c:\users\vikzz\desktop\visual studio projects\sour_editor\sour_editor\sour_editor - accel.cpp(139): warning C4244: 'argument': conversion from 'float' to 'int', possible loss of data
c:\users\vikzz\desktop\visual studio projects\sour_editor\sour_editor\sour_editor - accel.cpp(146): warning C4267: 'argument': conversion from 'size_t' to 'int', possible loss of data
c:\users\vikzz\desktop\visual studio projects\sour_editor\sour_editor\sour_editor - accel.cpp(147): warning C4267: 'argument': conversion from 'size_t' to 'int', possible loss of data
c:\users\vikzz\desktop\visual studio projects\sour_editor\sour_editor\sour_editor - accel.cpp(148): warning C4267: 'argument': conversion from 'size_t' to 'int', possible loss of data
c:\users\vikzz\desktop\visual studio projects\sour_editor\sour_editor\sour_editor - accel.cpp(149): warning C4267: 'argument': conversion from 'size_t' to 'int', possible loss of data
c:\users\vikzz\desktop\visual studio projects\sour_editor\sour_editor\sour_editor - accel.cpp(158): warning C4267: 'argument': conversion from 'size_t' to 'int', possible loss of data
c:\users\vikzz\desktop\visual studio projects\sour_editor\sour_editor\sour_editor - accel.cpp(159): warning C4267: 'argument': conversion from 'size_t' to 'int', possible loss of data
c:\users\vikzz\desktop\visual studio projects\sour_editor\sour_editor\sour_editor - accel.cpp(159): warning C4244: 'argument': conversion from 'T' to 'int', possible loss of data
          with
          [
              T=float
          ]
c:\users\vikzz\desktop\visual studio projects\sour_editor\sour_editor\sour_editor - accel.cpp(160): warning C4267: 'argument': conversion from 'size_t' to 'int', possible loss of data
c:\users\vikzz\desktop\visual studio projects\sour_editor\sour_editor\sour_editor - accel.cpp(161): warning C4267: 'argument': conversion from 'size_t' to 'int', possible loss of data
c:\users\vikzz\desktop\visual studio projects\sour_editor\sour_editor\sour_editor - accel.cpp(161): warning C4244: 'argument': conversion from 'T' to 'int', possible loss of data
          with
          [
              T=float
          ]
c:\users\vikzz\desktop\visual studio projects\sour_editor\sour_editor\sour_editor - accel.cpp(168): warning C4267: 'argument': conversion from 'size_t' to 'int', possible loss of data
c:\users\vikzz\desktop\visual studio projects\sour_editor\sour_editor\sour_editor - accel.cpp(168): warning C4244: 'argument': conversion from 'float' to 'int', possible loss of data
c:\users\vikzz\desktop\visual studio projects\sour_editor\sour_editor\sour_editor - accel.cpp(186): warning C4267: 'argument': conversion from 'size_t' to 'int', possible loss of data
c:\users\vikzz\desktop\visual studio projects\sour_editor\sour_editor\sour_editor - accel.cpp(187): warning C4267: 'argument': conversion from 'size_t' to 'int', possible loss of data
c:\users\vikzz\desktop\visual studio projects\sour_editor\sour_editor\sour_editor - accel.cpp(188): warning C4267: 'argument': conversion from 'size_t' to 'int', possible loss of data
c:\users\vikzz\desktop\visual studio projects\sour_editor\sour_editor\sour_editor - accel.cpp(189): warning C4267: 'argument': conversion from 'size_t' to 'int', possible loss of data
c:\users\vikzz\desktop\visual studio projects\sour_editor\sour_editor\sour_editor - accel.cpp(361): warning C4244: 'initializing': conversion from 'double' to 'int', possible loss of data
c:\users\vikzz\desktop\visual studio projects\sour_editor\sour_editor\sour_editor - accel.cpp(377): warning C4244: 'initializing': conversion from 'double' to 'int', possible loss of data
c:\users\vikzz\desktop\visual studio projects\sour_editor\sour_editor\sour_editor - accel.cpp(410): warning C4267: 'argument': conversion from 'size_t' to 'const _Ty', possible loss of data
          with
          [
              _Ty=int
          ]
c:\users\vikzz\desktop\visual studio projects\sour_editor\sour_editor\sour_editor - accel.cpp(435): warning C4244: 'initializing': conversion from 'double' to 'int', possible loss of data
c:\users\vikzz\desktop\visual studio projects\sour_editor\sour_editor\sour_editor - accel.cpp(543): warning C4305: 'argument': truncation from 'const double' to 'float32'
  Polygon.cpp
c:\users\vikzz\desktop\visual studio projects\sour_editor\sour_editor\polygon.cpp(28): warning C4267: 'initializing': conversion from 'size_t' to 'int', possible loss of data
c:\users\vikzz\desktop\visual studio projects\sour_editor\sour_editor\polygon.cpp(29): warning C4244: 'argument': conversion from 'float' to 'const unsigned __int64', possible loss of data
c:\users\vikzz\desktop\visual studio projects\sour_editor\sour_editor\polygon.cpp(45): warning C4244: 'argument': conversion from 'double' to 'const __int64', possible loss of data
c:\users\vikzz\desktop\visual studio projects\sour_editor\sour_editor\polygon.cpp(48): warning C4267: 'argument': conversion from 'size_t' to 'int32', possible loss of data
c:\users\vikzz\desktop\visual studio projects\sour_editor\sour_editor\polygon.cpp(85): warning C4267: 'initializing': conversion from 'size_t' to 'int', possible loss of data
c:\users\vikzz\desktop\visual studio projects\sour_editor\sour_editor\polygon.cpp(92): warning C4267: 'argument': conversion from 'size_t' to 'int32', possible loss of data
c:\users\vikzz\desktop\visual studio projects\sour_editor\sour_editor\polygon.cpp(104): warning C4267: 'argument': conversion from 'size_t' to 'int32', possible loss of data
  Generating Code...
  Sour_Editor.vcxproj -> C:\Users\vikzz\Desktop\Visual Studio Projects\Sour_Editor\x64\Debug\Sour_Editor.exe
